<?xml version="1.0" encoding="UTF-8"?>
<testng-results skipped="0" failed="0" total="1" passed="1">
  <reporter-output>
  </reporter-output>
  <suite name="Default suite" duration-ms="41399" started-at="2020-02-25T14:18:49Z" finished-at="2020-02-25T14:19:30Z">
    <groups>
    </groups>
    <test name="Default test" duration-ms="41399" started-at="2020-02-25T14:18:49Z" finished-at="2020-02-25T14:19:30Z">
      <class name="com.apex.kp.signon.test.LoginTest">
        <test-method status="PASS" signature="setup()[pri:0, instance:com.apex.kp.signon.test.LoginTest@b97c004]" name="setup" is-config="true" duration-ms="29566" started-at="2020-02-25T14:18:49Z" finished-at="2020-02-25T14:19:18Z">
        </test-method>
        <test-method status="PASS" signature="testwithCorrectid()[pri:0, instance:com.apex.kp.signon.test.LoginTest@b97c004]" name="testwithCorrectid" duration-ms="8761" started-at="2020-02-25T14:19:18Z" finished-at="2020-02-25T14:19:27Z">
        </test-method>
        <test-method status="PASS" signature="cleanup()[pri:0, instance:com.apex.kp.signon.test.LoginTest@b97c004]" name="cleanup" is-config="true" duration-ms="3006" started-at="2020-02-25T14:19:27Z" finished-at="2020-02-25T14:19:30Z">
        </test-method>
      </class>
    </test>
  </suite>
</testng-results>
